[debug] [2022-07-28T10:50:26.313Z] ----------------------------------------------------------------------
[debug] [2022-07-28T10:50:26.314Z] Command:       C:\Program Files\nodejs\node.exe C:\Users\mario\AppData\Roaming\npm\node_modules\firebase-tools\lib\bin\firebase.js init
[debug] [2022-07-28T10:50:26.314Z] CLI Version:   11.4.0
[debug] [2022-07-28T10:50:26.314Z] Platform:      win32
[debug] [2022-07-28T10:50:26.314Z] Node Version:  v16.13.2
[debug] [2022-07-28T10:50:26.315Z] Time:          Thu Jul 28 2022 12:50:26 GMT+0200 (Ora legale dell’Europa centrale)
[debug] [2022-07-28T10:50:26.315Z] ----------------------------------------------------------------------
[debug] 
[debug] [2022-07-28T10:50:26.319Z] > command requires scopes: ["email","openid","https://www.googleapis.com/auth/cloudplatformprojects.readonly","https://www.googleapis.com/auth/firebase","https://www.googleapis.com/auth/cloud-platform"]
[debug] [2022-07-28T10:50:26.319Z] > authorizing via signed-in user (mario.santucci95@gmail.com)
[info] 
     ######## #### ########  ######## ########     ###     ######  ########
     ##        ##  ##     ## ##       ##     ##  ##   ##  ##       ##
     ######    ##  ########  ######   ########  #########  ######  ######
     ##        ##  ##    ##  ##       ##     ## ##     ##       ## ##
     ##       #### ##     ## ######## ########  ##     ##  ######  ########

You're about to initialize a Firebase project in this directory:

  C:\projects\jobs-finder

Before we get started, keep in mind:

  * You are currently outside your home directory

[info] 
=== Project Setup
[info] 
[info] First, let's associate this project directory with a Firebase project.
[info] You can create multiple project aliases by running firebase use --add, 
[info] but for now we'll just set up a default project.
[info] 
[debug] [2022-07-28T10:53:31.780Z] >>> [apiv2][query] GET https://firebase.googleapis.com/v1beta1/projects pageSize=100
[debug] [2022-07-28T10:53:32.237Z] <<< [apiv2][status] GET https://firebase.googleapis.com/v1beta1/projects 200
[debug] [2022-07-28T10:53:32.237Z] <<< [apiv2][body] GET https://firebase.googleapis.com/v1beta1/projects [omitted]
[info] i  Using project jobs-finder-7328d (jobs-finder) 
[info] 
=== Hosting Setup
[info] 
[info] Your public directory is the folder (relative to your project directory) that
[info] will contain Hosting assets to be uploaded with firebase deploy. If you
[info] have a build process for your assets, use your build's output directory.
[info] 
